whereat_api.Base	base	RUN	1446860549077	 	2.0
5 Sec Interval	1815505756948745047-0	USER	START	1446860549102	0
5 Sec Interval	1815505756948745047-1	USER	START	1446860549105	0
5 Sec Interval	1815505756948745047-2	USER	START	1446860549105	0
5 Sec Interval	1815505756948745047-3	USER	START	1446860549105	0
5 Sec Interval	1815505756948745047-4	USER	START	1446860549105	0
5 Sec Interval	1815505756948745047-5	USER	START	1446860549105	0
5 Sec Interval	1815505756948745047-6	USER	START	1446860549105	0
5 Sec Interval	1815505756948745047-7	USER	START	1446860549105	0
5 Sec Interval	1815505756948745047-8	USER	START	1446860549105	0
5 Sec Interval	1815505756948745047-9	USER	START	1446860549105	0
5 Sec Interval	1815505756948745047-0	REQUEST		Request 0	1446860549152	1446860549306	1446860549342	1446860549342	KO	status.find.in(200,304,201,202,203,204,205,206,207,208,209), but actually found 405
5 Sec Interval	1815505756948745047-2	REQUEST		Request 0	1446860549192	1446860549311	1446860549368	1446860549368	KO	status.find.in(200,304,201,202,203,204,205,206,207,208,209), but actually found 405
5 Sec Interval	1815505756948745047-3	REQUEST		Request 0	1446860549194	1446860549315	1446860549352	1446860549352	KO	status.find.in(200,304,201,202,203,204,205,206,207,208,209), but actually found 405
5 Sec Interval	1815505756948745047-1	REQUEST		Request 0	1446860549190	1446860549312	1446860549345	1446860549345	KO	status.find.in(200,304,201,202,203,204,205,206,207,208,209), but actually found 405
5 Sec Interval	1815505756948745047-5	REQUEST		Request 0	1446860549200	1446860549328	1446860549377	1446860549377	KO	status.find.in(200,304,201,202,203,204,205,206,207,208,209), but actually found 405
5 Sec Interval	1815505756948745047-4	REQUEST		Request 0	1446860549196	1446860549326	1446860549377	1446860549377	KO	status.find.in(200,304,201,202,203,204,205,206,207,208,209), but actually found 405
5 Sec Interval	1815505756948745047-7	REQUEST		Request 0	1446860549212	1446860549351	1446860549401	1446860549401	KO	status.find.in(200,304,201,202,203,204,205,206,207,208,209), but actually found 405
5 Sec Interval	1815505756948745047-6	REQUEST		Request 0	1446860549204	1446860549340	1446860549401	1446860549401	KO	status.find.in(200,304,201,202,203,204,205,206,207,208,209), but actually found 405
5 Sec Interval	1815505756948745047-9	REQUEST		Request 0	1446860549217	1446860549328	1446860549402	1446860549402	KO	status.find.in(200,304,201,202,203,204,205,206,207,208,209), but actually found 405
5 Sec Interval	1815505756948745047-8	REQUEST		Request 0	1446860549215	1446860549355	1446860549412	1446860549412	KO	status.find.in(200,304,201,202,203,204,205,206,207,208,209), but actually found 405
5 Sec Interval	1815505756948745047-0	REQUEST		Request 1	1446860554364	1446860554365	1446860554388	1446860554388	KO	status.find.in(200,304,201,202,203,204,205,206,207,208,209), but actually found 405
5 Sec Interval	1815505756948745047-1	REQUEST		Request 1	1446860554374	1446860554375	1446860554405	1446860554405	KO	status.find.in(200,304,201,202,203,204,205,206,207,208,209), but actually found 405
5 Sec Interval	1815505756948745047-3	REQUEST		Request 1	1446860554385	1446860554387	1446860554417	1446860554417	KO	status.find.in(200,304,201,202,203,204,205,206,207,208,209), but actually found 405
5 Sec Interval	1815505756948745047-4	REQUEST		Request 1	1446860554394	1446860554395	1446860554435	1446860554435	KO	status.find.in(200,304,201,202,203,204,205,206,207,208,209), but actually found 405
5 Sec Interval	1815505756948745047-5	REQUEST		Request 1	1446860554395	1446860554397	1446860554447	1446860554447	KO	status.find.in(200,304,201,202,203,204,205,206,207,208,209), but actually found 405
5 Sec Interval	1815505756948745047-2	REQUEST		Request 1	1446860554396	1446860554397	1446860554461	1446860554461	KO	status.find.in(200,304,201,202,203,204,205,206,207,208,209), but actually found 405
5 Sec Interval	1815505756948745047-7	REQUEST		Request 1	1446860554416	1446860554417	1446860554476	1446860554476	KO	status.find.in(200,304,201,202,203,204,205,206,207,208,209), but actually found 405
5 Sec Interval	1815505756948745047-6	REQUEST		Request 1	1446860554417	1446860554418	1446860554486	1446860554486	KO	status.find.in(200,304,201,202,203,204,205,206,207,208,209), but actually found 405
5 Sec Interval	1815505756948745047-9	REQUEST		Request 1	1446860554425	1446860554426	1446860554494	1446860554494	KO	status.find.in(200,304,201,202,203,204,205,206,207,208,209), but actually found 405
5 Sec Interval	1815505756948745047-8	REQUEST		Request 1	1446860554434	1446860554435	1446860554496	1446860554496	KO	status.find.in(200,304,201,202,203,204,205,206,207,208,209), but actually found 405
5 Sec Interval	1815505756948745047-0	REQUEST		Request 2	1446860559383	1446860559384	1446860559409	1446860559409	KO	status.find.in(200,304,201,202,203,204,205,206,207,208,209), but actually found 405
5 Sec Interval	1815505756948745047-1	REQUEST		Request 2	1446860559405	1446860559406	1446860559435	1446860559435	KO	status.find.in(200,304,201,202,203,204,205,206,207,208,209), but actually found 405
5 Sec Interval	1815505756948745047-3	REQUEST		Request 2	1446860559407	1446860559407	1446860559444	1446860559444	KO	status.find.in(200,304,201,202,203,204,205,206,207,208,209), but actually found 405
5 Sec Interval	1815505756948745047-4	REQUEST		Request 2	1446860559445	1446860559446	1446860559467	1446860559467	KO	status.find.in(200,304,201,202,203,204,205,206,207,208,209), but actually found 405
5 Sec Interval	1815505756948745047-5	REQUEST		Request 2	1446860559453	1446860559454	1446860559477	1446860559477	KO	status.find.in(200,304,201,202,203,204,205,206,207,208,209), but actually found 405
5 Sec Interval	1815505756948745047-2	REQUEST		Request 2	1446860559463	1446860559464	1446860559499	1446860559499	KO	status.find.in(200,304,201,202,203,204,205,206,207,208,209), but actually found 405
5 Sec Interval	1815505756948745047-7	REQUEST		Request 2	1446860559482	1446860559483	1446860559511	1446860559511	KO	status.find.in(200,304,201,202,203,204,205,206,207,208,209), but actually found 405
5 Sec Interval	1815505756948745047-9	REQUEST		Request 2	1446860559494	1446860559495	1446860559521	1446860559521	KO	status.find.in(200,304,201,202,203,204,205,206,207,208,209), but actually found 405
5 Sec Interval	1815505756948745047-6	REQUEST		Request 2	1446860559498	1446860559499	1446860559543	1446860559543	KO	status.find.in(200,304,201,202,203,204,205,206,207,208,209), but actually found 405
5 Sec Interval	1815505756948745047-8	REQUEST		Request 2	1446860559496	1446860559496	1446860559558	1446860559558	KO	status.find.in(200,304,201,202,203,204,205,206,207,208,209), but actually found 405
5 Sec Interval	1815505756948745047-0	REQUEST		Request 3	1446860564415	1446860564415	1446860564458	1446860564458	KO	status.find.in(200,304,201,202,203,204,205,206,207,208,209), but actually found 405
5 Sec Interval	1815505756948745047-1	REQUEST		Request 3	1446860564434	1446860564435	1446860564491	1446860564491	KO	status.find.in(200,304,201,202,203,204,205,206,207,208,209), but actually found 405
5 Sec Interval	1815505756948745047-2	REQUEST		Request 3	1446860564493	1446860564493	1446860564532	1446860564532	KO	status.find.in(200,304,201,202,203,204,205,206,207,208,209), but actually found 405
5 Sec Interval	1815505756948745047-3	REQUEST		Request 3	1446860564453	1446860564453	1446860564542	1446860564542	KO	status.find.in(200,304,201,202,203,204,205,206,207,208,209), but actually found 405
5 Sec Interval	1815505756948745047-5	REQUEST		Request 3	1446860564474	1446860564474	1446860564552	1446860564552	KO	status.find.in(200,304,201,202,203,204,205,206,207,208,209), but actually found 405
5 Sec Interval	1815505756948745047-4	REQUEST		Request 3	1446860564462	1446860564463	1446860564564	1446860564564	KO	status.find.in(200,304,201,202,203,204,205,206,207,208,209), but actually found 405
5 Sec Interval	1815505756948745047-9	REQUEST		Request 3	1446860564514	1446860564515	1446860564567	1446860564567	KO	status.find.in(200,304,201,202,203,204,205,206,207,208,209), but actually found 405
5 Sec Interval	1815505756948745047-7	REQUEST		Request 3	1446860564516	1446860564516	1446860564567	1446860564567	KO	status.find.in(200,304,201,202,203,204,205,206,207,208,209), but actually found 405
