whereat_api.Base	2	RUN	1446862066436	2	2.0
5 Sec Interval	6329757834912352224-0	USER	START	1446862066460	0
5 Sec Interval	6329757834912352224-1	USER	START	1446862066462	0
5 Sec Interval	6329757834912352224-2	USER	START	1446862066462	0
5 Sec Interval	6329757834912352224-3	USER	START	1446862066462	0
5 Sec Interval	6329757834912352224-4	USER	START	1446862066462	0
5 Sec Interval	6329757834912352224-5	USER	START	1446862066462	0
5 Sec Interval	6329757834912352224-6	USER	START	1446862066462	0
5 Sec Interval	6329757834912352224-7	USER	START	1446862066462	0
5 Sec Interval	6329757834912352224-8	USER	START	1446862066462	0
5 Sec Interval	6329757834912352224-9	USER	START	1446862066462	0
5 Sec Interval	6329757834912352224-3	REQUEST		Request 0	1446862066533	1446862066668	1446862066800	1446862066800	OK	 
5 Sec Interval	6329757834912352224-7	REQUEST		Request 0	1446862066554	1446862066682	1446862066813	1446862066813	OK	 
5 Sec Interval	6329757834912352224-6	REQUEST		Request 0	1446862066550	1446862066682	1446862066807	1446862066807	OK	 
5 Sec Interval	6329757834912352224-2	REQUEST		Request 0	1446862066530	1446862066690	1446862066806	1446862066806	OK	 
5 Sec Interval	6329757834912352224-5	REQUEST		Request 0	1446862066539	1446862066676	1446862066812	1446862066812	OK	 
5 Sec Interval	6329757834912352224-4	REQUEST		Request 0	1446862066536	1446862066682	1446862066807	1446862066807	OK	 
5 Sec Interval	6329757834912352224-1	REQUEST		Request 0	1446862066528	1446862066668	1446862066808	1446862066808	OK	 
5 Sec Interval	6329757834912352224-8	REQUEST		Request 0	1446862066559	1446862066697	1446862066809	1446862066809	OK	 
5 Sec Interval	6329757834912352224-9	REQUEST		Request 0	1446862066568	1446862066690	1446862066806	1446862066806	OK	 
5 Sec Interval	6329757834912352224-0	REQUEST		Request 0	1446862066506	1446862066667	1446862066789	1446862066789	OK	 
5 Sec Interval	6329757834912352224-0	REQUEST		Request 1	1446862071810	1446862071811	1446862071846	1446862071846	OK	 
5 Sec Interval	6329757834912352224-3	REQUEST		Request 1	1446862071820	1446862071821	1446862071876	1446862071876	OK	 
5 Sec Interval	6329757834912352224-5	REQUEST		Request 1	1446862071833	1446862071835	1446862071882	1446862071882	OK	 
5 Sec Interval	6329757834912352224-6	REQUEST		Request 1	1446862071843	1446862071847	1446862071882	1446862071882	OK	 
5 Sec Interval	6329757834912352224-4	REQUEST		Request 1	1446862071831	1446862071832	1446862071882	1446862071882	OK	 
5 Sec Interval	6329757834912352224-7	REQUEST		Request 1	1446862071837	1446862071838	1446862071884	1446862071884	OK	 
5 Sec Interval	6329757834912352224-8	REQUEST		Request 1	1446862071840	1446862071841	1446862071893	1446862071893	OK	 
5 Sec Interval	6329757834912352224-2	REQUEST		Request 1	1446862071836	1446862071836	1446862071902	1446862071902	OK	 
5 Sec Interval	6329757834912352224-9	REQUEST		Request 1	1446862071842	1446862071846	1446862071907	1446862071907	OK	 
5 Sec Interval	6329757834912352224-1	REQUEST		Request 1	1446862071838	1446862071839	1446862071914	1446862071914	OK	 
5 Sec Interval	6329757834912352224-0	REQUEST		Request 2	1446862076852	1446862076853	1446862076892	1446862076892	OK	 
5 Sec Interval	6329757834912352224-3	REQUEST		Request 2	1446862076870	1446862076871	1446862076920	1446862076920	OK	 
5 Sec Interval	6329757834912352224-5	REQUEST		Request 2	1446862076882	1446862076883	1446862076930	1446862076930	OK	 
5 Sec Interval	6329757834912352224-4	REQUEST		Request 2	1446862076884	1446862076884	1446862076936	1446862076936	OK	 
5 Sec Interval	6329757834912352224-8	REQUEST		Request 2	1446862076891	1446862076893	1446862076938	1446862076938	OK	 
5 Sec Interval	6329757834912352224-9	REQUEST		Request 2	1446862076911	1446862076912	1446862076950	1446862076950	OK	 
5 Sec Interval	6329757834912352224-6	REQUEST		Request 2	1446862076881	1446862076882	1446862076955	1446862076955	OK	 
5 Sec Interval	6329757834912352224-2	REQUEST		Request 2	1446862076901	1446862076902	1446862076956	1446862076956	OK	 
5 Sec Interval	6329757834912352224-7	REQUEST		Request 2	1446862076890	1446862076892	1446862076956	1446862076956	OK	 
5 Sec Interval	6329757834912352224-1	REQUEST		Request 2	1446862076912	1446862076913	1446862076968	1446862076968	OK	 
5 Sec Interval	6329757834912352224-0	REQUEST		Request 3	1446862081889	1446862081890	1446862081927	1446862081927	OK	 
5 Sec Interval	6329757834912352224-9	REQUEST		Request 3	1446862081951	1446862081952	1446862081992	1446862081992	OK	 
5 Sec Interval	6329757834912352224-6	REQUEST		Request 3	1446862081952	1446862081953	1446862081992	1446862081992	OK	 
5 Sec Interval	6329757834912352224-5	REQUEST		Request 3	1446862081942	1446862081942	1446862081998	1446862081998	OK	 
5 Sec Interval	6329757834912352224-8	REQUEST		Request 3	1446862081943	1446862081944	1446862081997	1446862081997	OK	 
5 Sec Interval	6329757834912352224-4	REQUEST		Request 3	1446862081942	1446862081943	1446862081996	1446862081996	OK	 
5 Sec Interval	6329757834912352224-7	REQUEST		Request 3	1446862081953	1446862081954	1446862081999	1446862081999	OK	 
5 Sec Interval	6329757834912352224-2	REQUEST		Request 3	1446862081950	1446862081952	1446862082003	1446862082004	OK	 
5 Sec Interval	6329757834912352224-1	REQUEST		Request 3	1446862081970	1446862081972	1446862082007	1446862082007	OK	 
5 Sec Interval	6329757834912352224-3	REQUEST		Request 3	1446862081931	1446862081932	1446862082015	1446862082015	OK	 
5 Sec Interval	6329757834912352224-0	REQUEST		Request 4	1446862086931	1446862086932	1446862086979	1446862086979	OK	 
5 Sec Interval	6329757834912352224-9	REQUEST		Request 4	1446862086981	1446862086981	1446862087018	1446862087018	OK	 
5 Sec Interval	6329757834912352224-4	REQUEST		Request 4	1446862086993	1446862086993	1446862087027	1446862087027	OK	 
5 Sec Interval	6329757834912352224-1	REQUEST		Request 4	1446862087004	1446862087005	1446862087051	1446862087051	OK	 
5 Sec Interval	6329757834912352224-8	REQUEST		Request 4	1446862087005	1446862087006	1446862087051	1446862087051	OK	 
5 Sec Interval	6329757834912352224-3	REQUEST		Request 4	1446862087020	1446862087021	1446862087058	1446862087058	OK	 
5 Sec Interval	6329757834912352224-6	REQUEST		Request 4	1446862087002	1446862087002	1446862087058	1446862087058	OK	 
5 Sec Interval	6329757834912352224-2	REQUEST		Request 4	1446862087010	1446862087010	1446862087056	1446862087056	OK	 
5 Sec Interval	6329757834912352224-7	REQUEST		Request 4	1446862087011	1446862087011	1446862087058	1446862087058	OK	 
5 Sec Interval	6329757834912352224-5	REQUEST		Request 4	1446862086992	1446862086994	1446862087059	1446862087059	OK	 
5 Sec Interval	6329757834912352224-0	REQUEST		Request 5	1446862091980	1446862091981	1446862092015	1446862092015	OK	 
5 Sec Interval	6329757834912352224-4	REQUEST		Request 5	1446862092022	1446862092023	1446862092063	1446862092063	OK	 
5 Sec Interval	6329757834912352224-9	REQUEST		Request 5	1446862092031	1446862092032	1446862092073	1446862092073	OK	 
5 Sec Interval	6329757834912352224-8	REQUEST		Request 5	1446862092054	1446862092055	1446862092095	1446862092095	OK	 
5 Sec Interval	6329757834912352224-6	REQUEST		Request 5	1446862092063	1446862092064	1446862092104	1446862092104	OK	 
5 Sec Interval	6329757834912352224-1	REQUEST		Request 5	1446862092062	1446862092063	1446862092106	1446862092106	OK	 
5 Sec Interval	6329757834912352224-3	REQUEST		Request 5	1446862092068	1446862092068	1446862092108	1446862092108	OK	 
5 Sec Interval	6329757834912352224-2	REQUEST		Request 5	1446862092066	1446862092066	1446862092109	1446862092109	OK	 
5 Sec Interval	6329757834912352224-7	REQUEST		Request 5	1446862092053	1446862092053	1446862092110	1446862092110	OK	 
5 Sec Interval	6329757834912352224-5	REQUEST		Request 5	1446862092067	1446862092067	1446862092114	1446862092114	OK	 
5 Sec Interval	6329757834912352224-0	REQUEST		Request 6	1446862097012	1446862097013	1446862097047	1446862097047	OK	 
5 Sec Interval	6329757834912352224-4	REQUEST		Request 6	1446862097070	1446862097070	1446862097101	1446862097101	OK	 
5 Sec Interval	6329757834912352224-9	REQUEST		Request 6	1446862097080	1446862097081	1446862097117	1446862097117	OK	 
5 Sec Interval	6329757834912352224-8	REQUEST		Request 6	1446862097102	1446862097103	1446862097135	1446862097135	OK	 
5 Sec Interval	6329757834912352224-6	REQUEST		Request 6	1446862097101	1446862097103	1446862097138	1446862097138	OK	 
5 Sec Interval	6329757834912352224-7	REQUEST		Request 6	1446862097115	1446862097116	1446862097147	1446862097147	OK	 
5 Sec Interval	6329757834912352224-3	REQUEST		Request 6	1446862097105	1446862097107	1446862097149	1446862097149	OK	 
5 Sec Interval	6329757834912352224-2	REQUEST		Request 6	1446862097111	1446862097112	1446862097150	1446862097150	OK	 
5 Sec Interval	6329757834912352224-5	REQUEST		Request 6	1446862097114	1446862097115	1446862097153	1446862097153	OK	 
5 Sec Interval	6329757834912352224-1	REQUEST		Request 6	1446862097112	1446862097113	1446862097159	1446862097159	OK	 
5 Sec Interval	6329757834912352224-0	REQUEST		Request 7	1446862102042	1446862102042	1446862102109	1446862102109	OK	 
5 Sec Interval	6329757834912352224-4	REQUEST		Request 7	1446862102101	1446862102102	1446862102170	1446862102170	OK	 
5 Sec Interval	6329757834912352224-9	REQUEST		Request 7	1446862102109	1446862102110	1446862102178	1446862102178	OK	 
5 Sec Interval	6329757834912352224-6	REQUEST		Request 7	1446862102135	1446862102135	1446862102245	1446862102245	OK	 
5 Sec Interval	6329757834912352224-8	REQUEST		Request 7	1446862102132	1446862102133	1446862102258	1446862102258	OK	 
5 Sec Interval	6329757834912352224-2	REQUEST		Request 7	1446862102151	1446862102152	1446862102261	1446862102261	OK	 
5 Sec Interval	6329757834912352224-1	REQUEST		Request 7	1446862102163	1446862102163	1446862102277	1446862102277	OK	 
5 Sec Interval	6329757834912352224-5	REQUEST		Request 7	1446862102162	1446862102162	1446862102283	1446862102283	OK	 
5 Sec Interval	6329757834912352224-3	REQUEST		Request 7	1446862102160	1446862102160	1446862102285	1446862102285	OK	 
5 Sec Interval	6329757834912352224-7	REQUEST		Request 7	1446862102161	1446862102161	1446862102285	1446862102285	OK	 
5 Sec Interval	6329757834912352224-0	REQUEST		Request 8	1446862107121	1446862107122	1446862107157	1446862107157	OK	 
5 Sec Interval	6329757834912352224-4	REQUEST		Request 8	1446862107180	1446862107181	1446862107212	1446862107212	OK	 
5 Sec Interval	6329757834912352224-9	REQUEST		Request 8	1446862107181	1446862107182	1446862107214	1446862107214	OK	 
5 Sec Interval	6329757834912352224-6	REQUEST		Request 8	1446862107250	1446862107252	1446862107288	1446862107288	OK	 
5 Sec Interval	6329757834912352224-8	REQUEST		Request 8	1446862107263	1446862107264	1446862107314	1446862107314	OK	 
5 Sec Interval	6329757834912352224-7	REQUEST		Request 8	1446862107273	1446862107274	1446862107317	1446862107317	OK	 
5 Sec Interval	6329757834912352224-5	REQUEST		Request 8	1446862107281	1446862107281	1446862107318	1446862107318	OK	 
5 Sec Interval	6329757834912352224-2	REQUEST		Request 8	1446862107262	1446862107263	1446862107320	1446862107320	OK	 
5 Sec Interval	6329757834912352224-3	REQUEST		Request 8	1446862107272	1446862107273	1446862107322	1446862107322	OK	 
5 Sec Interval	6329757834912352224-1	REQUEST		Request 8	1446862107281	1446862107282	1446862107333	1446862107333	OK	 
5 Sec Interval	6329757834912352224-0	REQUEST		Request 9	1446862112160	1446862112160	1446862112193	1446862112193	OK	 
5 Sec Interval	6329757834912352224-4	REQUEST		Request 9	1446862112211	1446862112212	1446862112250	1446862112250	OK	 
5 Sec Interval	6329757834912352224-9	REQUEST		Request 9	1446862112212	1446862112212	1446862112250	1446862112250	OK	 
5 Sec Interval	6329757834912352224-6	REQUEST		Request 9	1446862112291	1446862112292	1446862112323	1446862112323	OK	 
5 Sec Interval	6329757834912352224-2	REQUEST		Request 9	1446862112323	1446862112324	1446862112355	1446862112355	OK	 
5 Sec Interval	6329757834912352224-5	REQUEST		Request 9	1446862112319	1446862112320	1446862112355	1446862112355	OK	 
5 Sec Interval	6329757834912352224-1	REQUEST		Request 9	1446862112320	1446862112322	1446862112358	1446862112358	OK	 
5 Sec Interval	6329757834912352224-8	REQUEST		Request 9	1446862112312	1446862112313	1446862112362	1446862112362	OK	 
5 Sec Interval	6329757834912352224-3	REQUEST		Request 9	1446862112331	1446862112332	1446862112369	1446862112369	OK	 
5 Sec Interval	6329757834912352224-7	REQUEST		Request 9	1446862112330	1446862112331	1446862112373	1446862112373	OK	 
5 Sec Interval	6329757834912352224-0	REQUEST		Cleanup	1446862117192	1446862117192	1446862117225	1446862117225	OK	 
5 Sec Interval	6329757834912352224-0	USER	END	1446862066460	1446862117229
5 Sec Interval	6329757834912352224-4	REQUEST		Cleanup	1446862117249	1446862117250	1446862117273	1446862117273	OK	 
5 Sec Interval	6329757834912352224-4	USER	END	1446862066462	1446862117275
5 Sec Interval	6329757834912352224-9	REQUEST		Cleanup	1446862117250	1446862117250	1446862117276	1446862117276	OK	 
5 Sec Interval	6329757834912352224-9	USER	END	1446862066462	1446862117278
5 Sec Interval	6329757834912352224-6	REQUEST		Cleanup	1446862117319	1446862117320	1446862117341	1446862117341	OK	 
5 Sec Interval	6329757834912352224-6	USER	END	1446862066462	1446862117351
5 Sec Interval	6329757834912352224-2	REQUEST		Cleanup	1446862117352	1446862117352	1446862117376	1446862117376	OK	 
5 Sec Interval	6329757834912352224-2	USER	END	1446862066462	1446862117377
5 Sec Interval	6329757834912352224-5	REQUEST		Cleanup	1446862117360	1446862117360	1446862117380	1446862117380	OK	 
5 Sec Interval	6329757834912352224-5	USER	END	1446862066462	1446862117382
5 Sec Interval	6329757834912352224-8	REQUEST		Cleanup	1446862117359	1446862117359	1446862117385	1446862117385	OK	 
5 Sec Interval	6329757834912352224-8	USER	END	1446862066462	1446862117392
5 Sec Interval	6329757834912352224-3	REQUEST		Cleanup	1446862117372	1446862117374	1446862117399	1446862117399	OK	 
5 Sec Interval	6329757834912352224-3	USER	END	1446862066462	1446862117401
5 Sec Interval	6329757834912352224-7	REQUEST		Cleanup	1446862117375	1446862117375	1446862117400	1446862117400	OK	 
5 Sec Interval	6329757834912352224-7	USER	END	1446862066462	1446862117402
5 Sec Interval	6329757834912352224-1	REQUEST		Cleanup	1446862117371	1446862117373	1446862117410	1446862117410	OK	 
5 Sec Interval	6329757834912352224-1	USER	END	1446862066462	1446862117416
